{"/Users/rickyariansyah/Documents/learn/Innovation/UI-React-Component-Base/helper/maskAccountNumber.ts": {"path":"/Users/rickyariansyah/Documents/learn/Innovation/UI-React-Component-Base/helper/maskAccountNumber.ts","statementMap":{"0":{"start":{"line":2,"column":13},"end":{"line":15,"column":null}},"1":{"start":{"line":4,"column":19},"end":{"line":4,"column":41}},"2":{"start":{"line":6,"column":19},"end":{"line":6,"column":37}},"3":{"start":{"line":7,"column":18},"end":{"line":7,"column":34}},"4":{"start":{"line":10,"column":19},"end":{"line":10,"column":58}},"5":{"start":{"line":13,"column":10},"end":{"line":13,"column":71}},"6":{"start":{"line":15,"column":4},"end":{"line":15,"column":null}}},"fnMap":{"0":{"name":"(anonymous_0)","decl":{"start":{"line":2,"column":13},"end":{"line":2,"column":34}},"loc":{"start":{"line":2,"column":47},"end":{"line":15,"column":null}},"line":2}},"branchMap":{},"s":{"0":1,"1":2,"2":2,"3":2,"4":2,"5":2,"6":2},"f":{"0":2},"b":{},"meta":{"lastBranch":0,"lastFunction":1,"lastStatement":7,"seen":{"s:2:13:15:Infinity":0,"f:2:13:2:34":0,"s:4:19:4:41":1,"s:6:19:6:37":2,"s:7:18:7:34":3,"s:10:19:10:58":4,"s:13:10:13:71":5,"s:15:4:15:Infinity":6}}}
,"/Users/rickyariansyah/Documents/learn/Innovation/UI-React-Component-Base/helper/sum.ts": {"path":"/Users/rickyariansyah/Documents/learn/Innovation/UI-React-Component-Base/helper/sum.ts","statementMap":{"0":{"start":{"line":1,"column":13},"end":{"line":2,"column":null}},"1":{"start":{"line":2,"column":4},"end":{"line":2,"column":null}}},"fnMap":{"0":{"name":"(anonymous_0)","decl":{"start":{"line":1,"column":13},"end":{"line":1,"column":20}},"loc":{"start":{"line":1,"column":55},"end":{"line":2,"column":null}},"line":1}},"branchMap":{},"s":{"0":1,"1":1},"f":{"0":1},"b":{},"meta":{"lastBranch":0,"lastFunction":1,"lastStatement":2,"seen":{"s:1:13:2:Infinity":0,"f:1:13:1:20":0,"s:2:4:2:Infinity":1}}}
}
